d:\作业\计算机网络通信\sniffer\mysniff\mysniff\release\vc140.pdb
d:\作业\计算机网络通信\sniffer\mysniff\mysniff\release\test.obj
d:\作业\计算机网络通信\sniffer\mysniff\mysniff\release\netprotocol.obj
d:\作业\计算机网络通信\sniffer\mysniff\mysniff\release\mysniff.pch
d:\作业\计算机网络通信\sniffer\mysniff\mysniff\release\stdafx.obj
d:\作业\计算机网络通信\sniffer\mysniff\mysniff\release\utils.obj
d:\作业\计算机网络通信\sniffer\mysniff\mysniff\release\sniffercore.obj
d:\作业\计算机网络通信\sniffer\mysniff\mysniff\release\mysniffdlg.obj
d:\作业\计算机网络通信\sniffer\mysniff\mysniff\release\mysniff.obj
d:\作业\计算机网络通信\sniffer\mysniff\mysniff\release\mycedit.obj
d:\作业\计算机网络通信\sniffer\mysniff\mysniff\release\frame_parser.obj
d:\作业\计算机网络通信\sniffer\mysniff\release\mysniff.exe
d:\作业\计算机网络通信\sniffer\mysniff\release\mysniff.ipdb
d:\作业\计算机网络通信\sniffer\mysniff\release\mysniff.iobj
d:\作业\计算机网络通信\sniffer\mysniff\release\mysniff.pdb
d:\作业\计算机网络通信\sniffer\mysniff\mysniff\release\mysniff.res
d:\作业\计算机网络通信\sniffer\mysniff\mysniff\release\mysniff.tlog\cl.command.1.tlog
d:\作业\计算机网络通信\sniffer\mysniff\mysniff\release\mysniff.tlog\cl.read.1.tlog
d:\作业\计算机网络通信\sniffer\mysniff\mysniff\release\mysniff.tlog\cl.write.1.tlog
d:\作业\计算机网络通信\sniffer\mysniff\mysniff\release\mysniff.tlog\link.command.1.tlog
d:\作业\计算机网络通信\sniffer\mysniff\mysniff\release\mysniff.tlog\link.read.1.tlog
d:\作业\计算机网络通信\sniffer\mysniff\mysniff\release\mysniff.tlog\link.write.1.tlog
d:\作业\计算机网络通信\sniffer\mysniff\mysniff\release\mysniff.tlog\rc.command.1.tlog
d:\作业\计算机网络通信\sniffer\mysniff\mysniff\release\mysniff.tlog\rc.read.1.tlog
d:\作业\计算机网络通信\sniffer\mysniff\mysniff\release\mysniff.tlog\rc.write.1.tlog
